<?xml version="1.0" encoding="UTF-8"?>
<testng-results skipped="0" failed="0" ignored="0" total="2" passed="2">
  <reporter-output>
  </reporter-output>
  <suite name="用户管理系统测试套件" duration-ms="178" started-at="2022-08-18T15:03:50Z" finished-at="2022-08-18T15:03:50Z">
    <groups>
      <group name="loginTrue">
        <method signature="LoginTest.getUser()[pri:0, instance:com.tester.cases.LoginTest@6fffcba5]" name="getUser" class="com.tester.cases.LoginTest"/>
        <method signature="LoginTest.getUserList()[pri:0, instance:com.tester.cases.LoginTest@6fffcba5]" name="getUserList" class="com.tester.cases.LoginTest"/>
      </group> <!-- loginTrue -->
    </groups>
    <test name="用户管理系统测试用例" duration-ms="178" started-at="2022-08-18T15:03:50Z" finished-at="2022-08-18T15:03:50Z">
      <class name="com.tester.cases.LoginTest">
        <test-method status="PASS" signature="beforeTest()[pri:0, instance:com.tester.cases.LoginTest@6fffcba5]" name="beforeTest" is-config="true" duration-ms="21" started-at="2022-08-18T23:03:50Z" description="测试准备工作,获取HttpClient对象" finished-at="2022-08-18T23:03:50Z">
          <reporter-output>
          </reporter-output>
        </test-method> <!-- beforeTest -->
        <test-method status="PASS" signature="getUser()[pri:0, instance:com.tester.cases.LoginTest@6fffcba5]" name="getUser" duration-ms="135" started-at="2022-08-18T23:03:50Z" description="获取用户列表" finished-at="2022-08-18T23:03:50Z">
          <reporter-output>
          </reporter-output>
        </test-method> <!-- getUser -->
        <test-method status="PASS" signature="getUserList()[pri:0, instance:com.tester.cases.LoginTest@6fffcba5]" name="getUserList" duration-ms="9" started-at="2022-08-18T23:03:50Z" description="获取用户列表" finished-at="2022-08-18T23:03:50Z">
          <reporter-output>
          </reporter-output>
        </test-method> <!-- getUserList -->
      </class> <!-- com.tester.cases.LoginTest -->
    </test> <!-- 用户管理系统测试用例 -->
  </suite> <!-- 用户管理系统测试套件 -->
</testng-results>
